<?xml version="1.0" encoding="UTF-8"?>
<!-- Generated by org.testng.reporters.JUnitXMLReporter -->
<testsuite ignored="0" hostname="DESKTOP-FR930K3" failures="1" tests="2" name="Linux-Chrome" time="24.32" errors="0" timestamp="2024-12-06T14:33:50 ICT">
  <testcase classname="testcases.TC001_AccountRegistrationTest" name="verify_account_registration" time="3.4"/>
  <testcase classname="testcases.TC002_LoginTest" name="validate_login" time="1.43">
    <failure type="java.lang.AssertionError" message="expected [true] but found [false]">
      <![CDATA[java.lang.AssertionError: expected [true] but found [false]
at testcases.TC002_LoginTest.validate_login(TC002_LoginTest.java:42)
at java.base/java.util.ArrayList.forEach(ArrayList.java:1511)
... Removed 31 stack frames]]>
    </failure>
  </testcase> <!-- validate_login -->
</testsuite> <!-- Linux-Chrome -->
