<?xml version="1.0" encoding="UTF-8"?>
<!-- Generated by org.testng.reporters.JUnitXMLReporter -->
<testsuite ignored="0" hostname="DESKTOP-FR930K3" failures="1" tests="3" name="Test" time="28.415" errors="0" timestamp="2024-12-07T15:02:28 GMT+07:00">
  <testcase classname="testcases.TC001_AccountRegistrationTest" name="verify_account_registration" time="1.635">
    <failure type="java.lang.AssertionError" message="expected [true] but found [false]">
      <![CDATA[java.lang.AssertionError: expected [true] but found [false]
at testcases.TC001_AccountRegistrationTest.verify_account_registration(TC001_AccountRegistrationTest.java:50)
at java.base/java.util.ArrayList.forEach(ArrayList.java:1597)
... Removed 33 stack frames]]>
    </failure>
  </testcase> <!-- verify_account_registration -->
  <testcase classname="testcases.TC002_LoginTest" name="validate_login" time="1.367"/>
  <testcase classname="testcases.TC004_SearchProductTest" name="searchProductTest" time="2.106"/>
</testsuite> <!-- Test -->
